2025-01-14 14:29:00.691 [background-preinit] INFO  [] o.h.validator.internal.util.Version - HV000001: Hibernate Validator 8.0.1.Final
2025-01-14 14:29:00.777 [main] INFO  [] com.bantanger.test.ApiTest - Starting ApiTest using Java 17.0.13 with PID 22988 (started by 12902 in E:\JavaProjectManager\Persevere\bt-system-center\bt-system-center-app)
2025-01-14 14:29:00.780 [main] INFO  [] com.bantanger.test.ApiTest - The following 1 profile is active: "dev"
2025-01-14 14:29:04.721 [main] INFO  [] o.s.d.r.c.RepositoryConfigurationDelegate - Bootstrapping Spring Data JPA repositories in DEFAULT mode.
2025-01-14 14:29:05.393 [main] INFO  [] o.s.d.r.c.RepositoryConfigurationDelegate - Finished Spring Data repository scanning in 488 ms. Found 2 JPA repository interfaces.
2025-01-14 14:29:06.908 [main] INFO  [] o.h.jpa.internal.util.LogHelper - HHH000204: Processing PersistenceUnitInfo [name: default]
2025-01-14 14:29:07.135 [main] INFO  [] org.hibernate.Version - HHH000412: Hibernate ORM core version 6.3.1.Final
2025-01-14 14:29:07.259 [main] INFO  [] o.h.c.i.RegionFactoryInitiator - HHH000026: Second-level cache disabled
2025-01-14 14:29:08.239 [main] INFO  [] o.s.o.j.p.SpringPersistenceUnitInfo - No LoadTimeWeaver setup: ignoring JPA class transformer
2025-01-14 14:29:08.307 [main] INFO  [] com.zaxxer.hikari.HikariDataSource - HikariPool-1 - Starting...
2025-01-14 14:29:08.836 [main] INFO  [] com.zaxxer.hikari.pool.HikariPool - HikariPool-1 - Added connection com.mysql.cj.jdbc.ConnectionImpl@4243341e
2025-01-14 14:29:08.840 [main] INFO  [] com.zaxxer.hikari.HikariDataSource - HikariPool-1 - Start completed.
2025-01-14 14:29:11.503 [main] INFO  [] o.h.e.t.j.p.i.JtaPlatformInitiator - HHH000489: No JTA platform available (set 'hibernate.transaction.jta.platform' to enable JTA platform integration)
2025-01-14 14:29:11.700 [main] INFO  [] o.s.o.j.LocalContainerEntityManagerFactoryBean - Initialized JPA EntityManagerFactory for persistence unit 'default'
2025-01-14 14:29:15.236 [main] INFO  [] com.bantanger.test.ApiTest - Started ApiTest in 16.296 seconds (process running for 18.929)
2025-01-14 14:29:16.543 [SpringApplicationShutdownHook] INFO  [] o.s.o.j.LocalContainerEntityManagerFactoryBean - Closing JPA EntityManagerFactory for persistence unit 'default'
2025-01-14 14:29:16.547 [SpringApplicationShutdownHook] INFO  [] com.zaxxer.hikari.HikariDataSource - HikariPool-1 - Shutdown initiated...
2025-01-14 14:29:16.576 [SpringApplicationShutdownHook] INFO  [] com.zaxxer.hikari.HikariDataSource - HikariPool-1 - Shutdown completed.
2025-01-14 14:29:37.476 [background-preinit] INFO  [] o.h.validator.internal.util.Version - HV000001: Hibernate Validator 8.0.1.Final
2025-01-14 14:29:37.559 [main] INFO  [] com.bantanger.test.ApiTest - Starting ApiTest using Java 17.0.13 with PID 31224 (started by 12902 in E:\JavaProjectManager\Persevere\bt-system-center\bt-system-center-app)
2025-01-14 14:29:37.561 [main] INFO  [] com.bantanger.test.ApiTest - The following 1 profile is active: "dev"
2025-01-14 14:29:39.404 [main] INFO  [] o.s.d.r.c.RepositoryConfigurationDelegate - Bootstrapping Spring Data JPA repositories in DEFAULT mode.
2025-01-14 14:29:39.629 [main] INFO  [] o.s.d.r.c.RepositoryConfigurationDelegate - Finished Spring Data repository scanning in 191 ms. Found 2 JPA repository interfaces.
2025-01-14 14:29:40.801 [main] INFO  [] o.h.jpa.internal.util.LogHelper - HHH000204: Processing PersistenceUnitInfo [name: default]
2025-01-14 14:29:40.945 [main] INFO  [] org.hibernate.Version - HHH000412: Hibernate ORM core version 6.3.1.Final
2025-01-14 14:29:41.030 [main] INFO  [] o.h.c.i.RegionFactoryInitiator - HHH000026: Second-level cache disabled
2025-01-14 14:29:41.580 [main] INFO  [] o.s.o.j.p.SpringPersistenceUnitInfo - No LoadTimeWeaver setup: ignoring JPA class transformer
2025-01-14 14:29:41.648 [main] INFO  [] com.zaxxer.hikari.HikariDataSource - HikariPool-1 - Starting...
2025-01-14 14:29:41.903 [main] INFO  [] com.zaxxer.hikari.pool.HikariPool - HikariPool-1 - Added connection com.mysql.cj.jdbc.ConnectionImpl@77b71c9
2025-01-14 14:29:41.907 [main] INFO  [] com.zaxxer.hikari.HikariDataSource - HikariPool-1 - Start completed.
2025-01-14 14:29:43.955 [main] INFO  [] o.h.e.t.j.p.i.JtaPlatformInitiator - HHH000489: No JTA platform available (set 'hibernate.transaction.jta.platform' to enable JTA platform integration)
2025-01-14 14:29:44.128 [main] INFO  [] o.s.o.j.LocalContainerEntityManagerFactoryBean - Initialized JPA EntityManagerFactory for persistence unit 'default'
2025-01-14 14:29:47.110 [main] INFO  [] com.bantanger.test.ApiTest - Started ApiTest in 10.999 seconds (process running for 12.638)
2025-01-14 14:29:48.527 [SpringApplicationShutdownHook] INFO  [] o.s.o.j.LocalContainerEntityManagerFactoryBean - Closing JPA EntityManagerFactory for persistence unit 'default'
2025-01-14 14:29:48.535 [SpringApplicationShutdownHook] INFO  [] com.zaxxer.hikari.HikariDataSource - HikariPool-1 - Shutdown initiated...
2025-01-14 14:29:48.605 [SpringApplicationShutdownHook] INFO  [] com.zaxxer.hikari.HikariDataSource - HikariPool-1 - Shutdown completed.
2025-01-14 14:31:03.872 [background-preinit] INFO  [] o.h.validator.internal.util.Version - HV000001: Hibernate Validator 8.0.1.Final
2025-01-14 14:31:03.947 [main] INFO  [] com.bantanger.test.ApiTest - Starting ApiTest using Java 17.0.13 with PID 29324 (started by 12902 in E:\JavaProjectManager\Persevere\bt-system-center\bt-system-center-app)
2025-01-14 14:31:03.949 [main] INFO  [] com.bantanger.test.ApiTest - The following 1 profile is active: "dev"
2025-01-14 14:31:05.516 [main] INFO  [] o.s.d.r.c.RepositoryConfigurationDelegate - Bootstrapping Spring Data JPA repositories in DEFAULT mode.
2025-01-14 14:31:05.714 [main] INFO  [] o.s.d.r.c.RepositoryConfigurationDelegate - Finished Spring Data repository scanning in 178 ms. Found 2 JPA repository interfaces.
2025-01-14 14:31:06.988 [main] INFO  [] o.h.jpa.internal.util.LogHelper - HHH000204: Processing PersistenceUnitInfo [name: default]
2025-01-14 14:31:07.190 [main] INFO  [] org.hibernate.Version - HHH000412: Hibernate ORM core version 6.3.1.Final
2025-01-14 14:31:07.321 [main] INFO  [] o.h.c.i.RegionFactoryInitiator - HHH000026: Second-level cache disabled
2025-01-14 14:31:07.982 [main] INFO  [] o.s.o.j.p.SpringPersistenceUnitInfo - No LoadTimeWeaver setup: ignoring JPA class transformer
2025-01-14 14:31:08.050 [main] INFO  [] com.zaxxer.hikari.HikariDataSource - HikariPool-1 - Starting...
2025-01-14 14:31:08.297 [main] INFO  [] com.zaxxer.hikari.pool.HikariPool - HikariPool-1 - Added connection com.mysql.cj.jdbc.ConnectionImpl@6d17914a
2025-01-14 14:31:08.299 [main] INFO  [] com.zaxxer.hikari.HikariDataSource - HikariPool-1 - Start completed.
2025-01-14 14:31:09.982 [main] INFO  [] o.h.e.t.j.p.i.JtaPlatformInitiator - HHH000489: No JTA platform available (set 'hibernate.transaction.jta.platform' to enable JTA platform integration)
2025-01-14 14:31:10.238 [main] INFO  [] o.s.o.j.LocalContainerEntityManagerFactoryBean - Initialized JPA EntityManagerFactory for persistence unit 'default'
2025-01-14 14:31:12.614 [main] INFO  [] com.bantanger.test.ApiTest - Started ApiTest in 10.123 seconds (process running for 11.855)
2025-01-14 14:31:13.681 [SpringApplicationShutdownHook] INFO  [] o.s.o.j.LocalContainerEntityManagerFactoryBean - Closing JPA EntityManagerFactory for persistence unit 'default'
2025-01-14 14:31:13.685 [SpringApplicationShutdownHook] INFO  [] com.zaxxer.hikari.HikariDataSource - HikariPool-1 - Shutdown initiated...
2025-01-14 14:31:13.717 [SpringApplicationShutdownHook] INFO  [] com.zaxxer.hikari.HikariDataSource - HikariPool-1 - Shutdown completed.
2025-01-14 14:33:06.936 [background-preinit] INFO  [] o.h.validator.internal.util.Version - HV000001: Hibernate Validator 8.0.1.Final
2025-01-14 14:33:07.032 [main] INFO  [] com.bantanger.test.ApiTest - Starting ApiTest using Java 17.0.13 with PID 27264 (started by 12902 in E:\JavaProjectManager\Persevere\bt-system-center\bt-system-center-app)
2025-01-14 14:33:07.034 [main] INFO  [] com.bantanger.test.ApiTest - The following 1 profile is active: "dev"
2025-01-14 14:33:08.665 [main] INFO  [] o.s.d.r.c.RepositoryConfigurationDelegate - Bootstrapping Spring Data JPA repositories in DEFAULT mode.
2025-01-14 14:33:08.899 [main] INFO  [] o.s.d.r.c.RepositoryConfigurationDelegate - Finished Spring Data repository scanning in 211 ms. Found 2 JPA repository interfaces.
2025-01-14 14:33:09.935 [main] INFO  [] o.h.jpa.internal.util.LogHelper - HHH000204: Processing PersistenceUnitInfo [name: default]
2025-01-14 14:33:10.027 [main] INFO  [] org.hibernate.Version - HHH000412: Hibernate ORM core version 6.3.1.Final
2025-01-14 14:33:10.099 [main] INFO  [] o.h.c.i.RegionFactoryInitiator - HHH000026: Second-level cache disabled
2025-01-14 14:33:10.654 [main] INFO  [] o.s.o.j.p.SpringPersistenceUnitInfo - No LoadTimeWeaver setup: ignoring JPA class transformer
2025-01-14 14:33:10.703 [main] INFO  [] com.zaxxer.hikari.HikariDataSource - HikariPool-1 - Starting...
2025-01-14 14:33:11.055 [main] INFO  [] com.zaxxer.hikari.pool.HikariPool - HikariPool-1 - Added connection com.mysql.cj.jdbc.ConnectionImpl@6d17914a
2025-01-14 14:33:11.059 [main] INFO  [] com.zaxxer.hikari.HikariDataSource - HikariPool-1 - Start completed.
2025-01-14 14:33:13.042 [main] INFO  [] o.h.e.t.j.p.i.JtaPlatformInitiator - HHH000489: No JTA platform available (set 'hibernate.transaction.jta.platform' to enable JTA platform integration)
2025-01-14 14:33:13.199 [main] INFO  [] o.s.o.j.LocalContainerEntityManagerFactoryBean - Initialized JPA EntityManagerFactory for persistence unit 'default'
2025-01-14 14:33:16.144 [main] INFO  [] com.bantanger.test.ApiTest - Started ApiTest in 10.55 seconds (process running for 12.292)
2025-01-14 14:33:19.475 [SpringApplicationShutdownHook] INFO  [] o.s.o.j.LocalContainerEntityManagerFactoryBean - Closing JPA EntityManagerFactory for persistence unit 'default'
2025-01-14 14:33:19.479 [SpringApplicationShutdownHook] INFO  [] com.zaxxer.hikari.HikariDataSource - HikariPool-1 - Shutdown initiated...
2025-01-14 14:33:19.525 [SpringApplicationShutdownHook] INFO  [] com.zaxxer.hikari.HikariDataSource - HikariPool-1 - Shutdown completed.
2025-01-14 14:34:08.910 [background-preinit] INFO  [] o.h.validator.internal.util.Version - HV000001: Hibernate Validator 8.0.1.Final
2025-01-14 14:34:08.980 [main] INFO  [] com.bantanger.test.ApiTest - Starting ApiTest using Java 17.0.13 with PID 31724 (started by 12902 in E:\JavaProjectManager\Persevere\bt-system-center\bt-system-center-app)
2025-01-14 14:34:08.982 [main] INFO  [] com.bantanger.test.ApiTest - The following 1 profile is active: "dev"
2025-01-14 14:34:10.467 [main] INFO  [] o.s.d.r.c.RepositoryConfigurationDelegate - Bootstrapping Spring Data JPA repositories in DEFAULT mode.
2025-01-14 14:34:10.639 [main] INFO  [] o.s.d.r.c.RepositoryConfigurationDelegate - Finished Spring Data repository scanning in 155 ms. Found 2 JPA repository interfaces.
2025-01-14 14:34:11.551 [main] INFO  [] o.h.jpa.internal.util.LogHelper - HHH000204: Processing PersistenceUnitInfo [name: default]
2025-01-14 14:34:11.691 [main] INFO  [] org.hibernate.Version - HHH000412: Hibernate ORM core version 6.3.1.Final
2025-01-14 14:34:11.789 [main] INFO  [] o.h.c.i.RegionFactoryInitiator - HHH000026: Second-level cache disabled
2025-01-14 14:34:12.426 [main] INFO  [] o.s.o.j.p.SpringPersistenceUnitInfo - No LoadTimeWeaver setup: ignoring JPA class transformer
2025-01-14 14:34:12.482 [main] INFO  [] com.zaxxer.hikari.HikariDataSource - HikariPool-1 - Starting...
2025-01-14 14:34:12.693 [main] INFO  [] com.zaxxer.hikari.pool.HikariPool - HikariPool-1 - Added connection com.mysql.cj.jdbc.ConnectionImpl@793cef95
2025-01-14 14:34:12.696 [main] INFO  [] com.zaxxer.hikari.HikariDataSource - HikariPool-1 - Start completed.
2025-01-14 14:34:14.376 [main] INFO  [] o.h.e.t.j.p.i.JtaPlatformInitiator - HHH000489: No JTA platform available (set 'hibernate.transaction.jta.platform' to enable JTA platform integration)
2025-01-14 14:34:14.553 [main] INFO  [] o.s.o.j.LocalContainerEntityManagerFactoryBean - Initialized JPA EntityManagerFactory for persistence unit 'default'
2025-01-14 14:34:16.903 [main] INFO  [] com.bantanger.test.ApiTest - Started ApiTest in 9.241 seconds (process running for 10.867)
2025-01-14 14:34:18.221 [SpringApplicationShutdownHook] INFO  [] o.s.o.j.LocalContainerEntityManagerFactoryBean - Closing JPA EntityManagerFactory for persistence unit 'default'
2025-01-14 14:34:18.224 [SpringApplicationShutdownHook] INFO  [] com.zaxxer.hikari.HikariDataSource - HikariPool-1 - Shutdown initiated...
2025-01-14 14:34:18.261 [SpringApplicationShutdownHook] INFO  [] com.zaxxer.hikari.HikariDataSource - HikariPool-1 - Shutdown completed.
2025-01-14 18:29:26.017 [background-preinit] INFO  [] o.h.validator.internal.util.Version - HV000001: Hibernate Validator 8.0.1.Final
2025-01-14 18:29:26.111 [main] INFO  [] com.bantanger.test.ApiTest - Starting ApiTest using Java 17.0.13 with PID 21888 (started by 12902 in E:\JavaProjectManager\Persevere\bt-system-center\bt-system-center-app)
2025-01-14 18:29:26.113 [main] INFO  [] com.bantanger.test.ApiTest - The following 1 profile is active: "dev"
2025-01-14 18:29:28.260 [main] INFO  [] o.s.d.r.c.RepositoryConfigurationDelegate - Bootstrapping Spring Data JPA repositories in DEFAULT mode.
2025-01-14 18:29:28.615 [main] INFO  [] o.s.d.r.c.RepositoryConfigurationDelegate - Finished Spring Data repository scanning in 323 ms. Found 2 JPA repository interfaces.
2025-01-14 18:29:30.116 [main] INFO  [] o.h.jpa.internal.util.LogHelper - HHH000204: Processing PersistenceUnitInfo [name: default]
2025-01-14 18:29:30.289 [main] INFO  [] org.hibernate.Version - HHH000412: Hibernate ORM core version 6.3.1.Final
2025-01-14 18:29:30.410 [main] INFO  [] o.h.c.i.RegionFactoryInitiator - HHH000026: Second-level cache disabled
2025-01-14 18:29:31.297 [main] INFO  [] o.s.o.j.p.SpringPersistenceUnitInfo - No LoadTimeWeaver setup: ignoring JPA class transformer
2025-01-14 18:29:31.385 [main] INFO  [] com.zaxxer.hikari.HikariDataSource - HikariPool-1 - Starting...
2025-01-14 18:29:31.745 [main] INFO  [] com.zaxxer.hikari.pool.HikariPool - HikariPool-1 - Added connection com.mysql.cj.jdbc.ConnectionImpl@77b71c9
2025-01-14 18:29:31.748 [main] INFO  [] com.zaxxer.hikari.HikariDataSource - HikariPool-1 - Start completed.
2025-01-14 18:29:34.536 [main] INFO  [] o.h.e.t.j.p.i.JtaPlatformInitiator - HHH000489: No JTA platform available (set 'hibernate.transaction.jta.platform' to enable JTA platform integration)
2025-01-14 18:29:34.641 [main] INFO  [] o.s.o.j.LocalContainerEntityManagerFactoryBean - Initialized JPA EntityManagerFactory for persistence unit 'default'
2025-01-14 18:29:38.116 [main] INFO  [] com.bantanger.test.ApiTest - Started ApiTest in 13.862 seconds (process running for 16.217)
2025-01-14 18:29:40.047 [SpringApplicationShutdownHook] INFO  [] o.s.o.j.LocalContainerEntityManagerFactoryBean - Closing JPA EntityManagerFactory for persistence unit 'default'
2025-01-14 18:29:40.051 [SpringApplicationShutdownHook] INFO  [] com.zaxxer.hikari.HikariDataSource - HikariPool-1 - Shutdown initiated...
2025-01-14 18:29:40.094 [SpringApplicationShutdownHook] INFO  [] com.zaxxer.hikari.HikariDataSource - HikariPool-1 - Shutdown completed.
2025-01-14 18:33:20.314 [background-preinit] INFO  [] o.h.validator.internal.util.Version - HV000001: Hibernate Validator 8.0.1.Final
2025-01-14 18:33:20.384 [main] INFO  [] com.bantanger.test.ApiTest - Starting ApiTest using Java 17.0.13 with PID 33684 (started by 12902 in E:\JavaProjectManager\Persevere\bt-system-center\bt-system-center-app)
2025-01-14 18:33:20.387 [main] INFO  [] com.bantanger.test.ApiTest - The following 1 profile is active: "dev"
2025-01-14 18:33:23.752 [main] INFO  [] o.s.d.r.c.RepositoryConfigurationDelegate - Bootstrapping Spring Data JPA repositories in DEFAULT mode.
2025-01-14 18:33:24.118 [main] INFO  [] o.s.d.r.c.RepositoryConfigurationDelegate - Finished Spring Data repository scanning in 320 ms. Found 2 JPA repository interfaces.
2025-01-14 18:33:26.234 [main] INFO  [] o.h.jpa.internal.util.LogHelper - HHH000204: Processing PersistenceUnitInfo [name: default]
2025-01-14 18:33:26.599 [main] INFO  [] org.hibernate.Version - HHH000412: Hibernate ORM core version 6.3.1.Final
2025-01-14 18:33:26.809 [main] INFO  [] o.h.c.i.RegionFactoryInitiator - HHH000026: Second-level cache disabled
2025-01-14 18:33:28.104 [main] INFO  [] o.s.o.j.p.SpringPersistenceUnitInfo - No LoadTimeWeaver setup: ignoring JPA class transformer
2025-01-14 18:33:28.217 [main] INFO  [] com.zaxxer.hikari.HikariDataSource - HikariPool-1 - Starting...
2025-01-14 18:33:28.630 [main] INFO  [] com.zaxxer.hikari.pool.HikariPool - HikariPool-1 - Added connection com.mysql.cj.jdbc.ConnectionImpl@27dbaa33
2025-01-14 18:33:28.634 [main] INFO  [] com.zaxxer.hikari.HikariDataSource - HikariPool-1 - Start completed.
2025-01-14 18:33:31.746 [main] INFO  [] o.h.e.t.j.p.i.JtaPlatformInitiator - HHH000489: No JTA platform available (set 'hibernate.transaction.jta.platform' to enable JTA platform integration)
2025-01-14 18:33:31.903 [main] INFO  [] o.s.o.j.LocalContainerEntityManagerFactoryBean - Initialized JPA EntityManagerFactory for persistence unit 'default'
2025-01-14 18:33:36.353 [main] INFO  [] com.bantanger.test.ApiTest - Started ApiTest in 17.981 seconds (process running for 20.358)
2025-01-14 18:33:39.281 [SpringApplicationShutdownHook] INFO  [] o.s.o.j.LocalContainerEntityManagerFactoryBean - Closing JPA EntityManagerFactory for persistence unit 'default'
2025-01-14 18:33:39.287 [SpringApplicationShutdownHook] INFO  [] com.zaxxer.hikari.HikariDataSource - HikariPool-1 - Shutdown initiated...
2025-01-14 18:33:39.353 [SpringApplicationShutdownHook] INFO  [] com.zaxxer.hikari.HikariDataSource - HikariPool-1 - Shutdown completed.
2025-01-14 18:37:12.965 [background-preinit] INFO  [] o.h.validator.internal.util.Version - HV000001: Hibernate Validator 8.0.1.Final
2025-01-14 18:37:13.063 [main] INFO  [] com.bantanger.test.ApiTest - Starting ApiTest using Java 17.0.13 with PID 35700 (started by 12902 in E:\JavaProjectManager\Persevere\bt-system-center\bt-system-center-app)
2025-01-14 18:37:13.067 [main] INFO  [] com.bantanger.test.ApiTest - The following 1 profile is active: "dev"
2025-01-14 18:37:16.146 [main] INFO  [] o.s.d.r.c.RepositoryConfigurationDelegate - Bootstrapping Spring Data JPA repositories in DEFAULT mode.
2025-01-14 18:37:16.518 [main] INFO  [] o.s.d.r.c.RepositoryConfigurationDelegate - Finished Spring Data repository scanning in 318 ms. Found 2 JPA repository interfaces.
2025-01-14 18:37:18.492 [main] INFO  [] o.h.jpa.internal.util.LogHelper - HHH000204: Processing PersistenceUnitInfo [name: default]
2025-01-14 18:37:18.764 [main] INFO  [] org.hibernate.Version - HHH000412: Hibernate ORM core version 6.3.1.Final
2025-01-14 18:37:18.938 [main] INFO  [] o.h.c.i.RegionFactoryInitiator - HHH000026: Second-level cache disabled
2025-01-14 18:37:20.051 [main] INFO  [] o.s.o.j.p.SpringPersistenceUnitInfo - No LoadTimeWeaver setup: ignoring JPA class transformer
2025-01-14 18:37:20.145 [main] INFO  [] com.zaxxer.hikari.HikariDataSource - HikariPool-1 - Starting...
2025-01-14 18:37:20.626 [main] INFO  [] com.zaxxer.hikari.pool.HikariPool - HikariPool-1 - Added connection com.mysql.cj.jdbc.ConnectionImpl@7996d0d4
2025-01-14 18:37:20.630 [main] INFO  [] com.zaxxer.hikari.HikariDataSource - HikariPool-1 - Start completed.
2025-01-14 18:37:23.974 [main] INFO  [] o.h.e.t.j.p.i.JtaPlatformInitiator - HHH000489: No JTA platform available (set 'hibernate.transaction.jta.platform' to enable JTA platform integration)
2025-01-14 18:37:24.213 [main] INFO  [] o.s.o.j.LocalContainerEntityManagerFactoryBean - Initialized JPA EntityManagerFactory for persistence unit 'default'
2025-01-14 18:37:27.927 [main] INFO  [] com.bantanger.test.ApiTest - Started ApiTest in 16.679 seconds (process running for 19.317)
2025-01-14 18:37:29.827 [SpringApplicationShutdownHook] INFO  [] o.s.o.j.LocalContainerEntityManagerFactoryBean - Closing JPA EntityManagerFactory for persistence unit 'default'
2025-01-14 18:37:29.832 [SpringApplicationShutdownHook] INFO  [] com.zaxxer.hikari.HikariDataSource - HikariPool-1 - Shutdown initiated...
2025-01-14 18:37:29.901 [SpringApplicationShutdownHook] INFO  [] com.zaxxer.hikari.HikariDataSource - HikariPool-1 - Shutdown completed.
